     1                                  org 0x900
     2                                  
     3 00000000 B800B8                  mov ax,0xb800
     4 00000003 8EC0                    mov es,ax
     5 00000005 26C6060A0021            mov byte [es:10],'!'
     6 0000000B 26C6060B004C            mov byte [es:11],0x4c
     7 00000011 26C6060C0021            mov byte [es:12],'!'
     8 00000017 26C6060D004C            mov byte [es:13],0x4c
     9 0000001D 26C6060E0021            mov byte [es:14],'!'
    10 00000023 26C6060F004C            mov byte [es:15],0x4c
    11 00000029 26C606100021            mov byte [es:16],'!'
    12 0000002F 26C60611004C            mov byte [es:17],0x4c
    13 00000035 26C606120021            mov byte [es:18],'!'
    14 0000003B 26C60613004C            mov byte [es:19],0x4c
    15 00000041 26C606140021            mov byte [es:20],'!'
    16 00000047 26C60615004C            mov byte [es:21],0x4c
    17                                  
    18                                  ;暂停在此
    19 0000004D EBFE                    jmp $
    20                                  
